2025-03-04 19:02:52 [JavaFX Application Thread] INFO org.sinbelisk.graphicftp.services.FTPClientManager - Conectándose al servidor FTP: localhost en puerto 21
2025-03-04 19:02:52 [JavaFX Application Thread] INFO org.sinbelisk.graphicftp.services.FTPClientManager - Usuario 'usuario1' ha iniciado sesión correctamente.
2025-03-04 19:02:52 [Thread-3] INFO org.sinbelisk.graphicftp.FTPFileExplorer - Reading: usuario1
2025-03-04 19:02:52 [JavaFX Application Thread] INFO org.sinbelisk.graphicftp.FTPFileExplorer - Updating TreeView with 1 items.
2025-03-04 19:02:52 [JavaFX Application Thread] INFO org.sinbelisk.graphicftp.FTPFileExplorer - TreeView synchronization completed successfully.
2025-03-04 19:02:54 [Thread-4] INFO org.sinbelisk.graphicftp.FTPFileExplorer - Reading: LOG.txt
2025-03-04 19:02:54 [Thread-4] INFO org.sinbelisk.graphicftp.FTPFileExplorer - Reading: pepe
2025-03-04 19:02:54 [Thread-4] INFO org.sinbelisk.graphicftp.FTPFileExplorer - Reading: reacttest.iml
2025-03-04 19:02:54 [Thread-4] INFO org.sinbelisk.graphicftp.FTPFileExplorer - Reading: server_test.txt
2025-03-04 19:02:54 [Thread-4] INFO org.sinbelisk.graphicftp.FTPFileExplorer - Reading: Wokot_v4.3.exe
2025-03-04 19:02:54 [JavaFX Application Thread] INFO org.sinbelisk.graphicftp.FTPFileExplorer - Updating TreeView with 5 items.
2025-03-04 19:02:54 [JavaFX Application Thread] INFO org.sinbelisk.graphicftp.FTPFileExplorer - TreeView synchronization completed successfully.
2025-03-04 19:02:55 [JavaFX Application Thread] INFO org.sinbelisk.graphicftp.FTPFileExplorer - Selected item path: /usuario1
2025-03-04 19:02:55 [JavaFX Application Thread] INFO org.sinbelisk.graphicftp.FTPFileExplorer - Item is not a folder (no emoji detected). Proceeding with the path: /usuario1
2025-03-04 19:03:10 [JavaFX Application Thread] INFO org.sinbelisk.graphicftp.FTPFileExplorer - File selected for upload: C:\Users\rafji\Pictures\favicon-3.ico
2025-03-04 19:03:10 [JavaFX Application Thread] INFO org.sinbelisk.graphicftp.services.FTPClientManager - Subiendo archivo: C:\Users\rafji\Pictures\favicon-3.ico -> /usuario1
2025-03-04 19:03:10 [JavaFX Application Thread] WARN org.sinbelisk.graphicftp.services.FTPClientManager - No se pudo subir el archivo a /usuario1
2025-03-04 19:03:10 [JavaFX Application Thread] ERROR org.sinbelisk.graphicftp.FTPFileExplorer - File upload failed for: C:\Users\rafji\Pictures\favicon-3.ico
2025-03-04 19:03:20 [JavaFX Application Thread] INFO org.sinbelisk.graphicftp.FTPFileExplorer - Selected item path: /usuario1
2025-03-04 19:03:20 [JavaFX Application Thread] INFO org.sinbelisk.graphicftp.FTPFileExplorer - Item is not a folder (no emoji detected). Proceeding with the path: /usuario1
2025-03-04 19:03:22 [JavaFX Application Thread] WARN org.sinbelisk.graphicftp.FTPFileExplorer - No file selected for upload.
