2025-03-04 15:19:21 [JavaFX Application Thread] INFO org.sinbelisk.graphicftp.services.FTPClientManager - Conectándose al servidor FTP: localhost en puerto 21
2025-03-04 15:19:21 [JavaFX Application Thread] WARN org.sinbelisk.graphicftp.services.FTPClientManager - Error al iniciar sesión para el usuario ''.
2025-03-04 15:19:22 [JavaFX Application Thread] INFO org.sinbelisk.graphicftp.services.FTPClientManager - Cliente FTP desconectado correctamente.
2025-03-04 15:19:29 [JavaFX Application Thread] INFO org.sinbelisk.graphicftp.services.FTPClientManager - Conectándose al servidor FTP: localhost en puerto 21
2025-03-04 15:19:29 [JavaFX Application Thread] WARN org.sinbelisk.graphicftp.services.FTPClientManager - Error al iniciar sesión para el usuario 'admin'.
2025-03-04 15:19:31 [JavaFX Application Thread] INFO org.sinbelisk.graphicftp.services.FTPClientManager - Cliente FTP desconectado correctamente.
2025-03-04 15:19:34 [JavaFX Application Thread] INFO org.sinbelisk.graphicftp.services.FTPClientManager - Conectándose al servidor FTP: localhost en puerto 21
2025-03-04 15:19:34 [JavaFX Application Thread] INFO org.sinbelisk.graphicftp.services.FTPClientManager - Usuario 'admin' ha iniciado sesión correctamente.
2025-03-04 15:19:34 [Thread-3] INFO org.sinbelisk.graphicftp.FTPFileExplorer - Reading: usuario1
2025-03-04 15:19:34 [Thread-3] INFO org.sinbelisk.graphicftp.FTPFileExplorer - Reading: usuario2
2025-03-04 15:19:34 [Thread-3] INFO org.sinbelisk.graphicftp.FTPFileExplorer - Reading: usuario3
2025-03-04 15:19:34 [Thread-3] INFO org.sinbelisk.graphicftp.FTPFileExplorer - Reading: LaTarea
2025-03-04 15:19:34 [JavaFX Application Thread] INFO org.sinbelisk.graphicftp.FTPFileExplorer - Updating TreeView with 4 items.
2025-03-04 15:19:34 [JavaFX Application Thread] INFO org.sinbelisk.graphicftp.FTPFileExplorer - TreeView synchronization completed successfully.
2025-03-04 15:19:41 [Thread-4] INFO org.sinbelisk.graphicftp.FTPFileExplorer - Reading: FOUND.000
2025-03-04 15:19:41 [Thread-4] INFO org.sinbelisk.graphicftp.FTPFileExplorer - Reading: FOUND.001
2025-03-04 15:19:41 [Thread-4] INFO org.sinbelisk.graphicftp.FTPFileExplorer - Reading: FOUND.002
2025-03-04 15:19:41 [Thread-4] INFO org.sinbelisk.graphicftp.FTPFileExplorer - Reading: System Volume Information
2025-03-04 15:19:41 [Thread-4] INFO org.sinbelisk.graphicftp.FTPFileExplorer - Reading: $RECYCLE.BIN
2025-03-04 15:19:41 [Thread-4] INFO org.sinbelisk.graphicftp.FTPFileExplorer - Reading: elevoc_dnn_kernel.log
2025-03-04 15:19:41 [Thread-4] INFO org.sinbelisk.graphicftp.FTPFileExplorer - Reading: 2DAMP
2025-03-04 15:19:41 [Thread-4] INFO org.sinbelisk.graphicftp.FTPFileExplorer - Reading: Obsidian
2025-03-04 15:19:41 [Thread-4] INFO org.sinbelisk.graphicftp.FTPFileExplorer - Reading: Android
2025-03-04 15:19:41 [Thread-4] INFO org.sinbelisk.graphicftp.FTPFileExplorer - Reading: Projectos Android
2025-03-04 15:19:41 [Thread-4] INFO org.sinbelisk.graphicftp.FTPFileExplorer - Reading: Projectos
2025-03-04 15:19:41 [Thread-4] INFO org.sinbelisk.graphicftp.FTPFileExplorer - Reading: Docker
2025-03-04 15:19:41 [Thread-4] INFO org.sinbelisk.graphicftp.FTPFileExplorer - Reading: ~$Lista de empresas.xlsx
2025-03-04 15:19:41 [Thread-4] INFO org.sinbelisk.graphicftp.FTPFileExplorer - Reading: Backups
2025-03-04 15:19:41 [Thread-4] INFO org.sinbelisk.graphicftp.FTPFileExplorer - Reading: Other
2025-03-04 15:19:41 [Thread-4] INFO org.sinbelisk.graphicftp.FTPFileExplorer - Reading: plantilla readme.md
2025-03-04 15:19:41 [Thread-4] INFO org.sinbelisk.graphicftp.FTPFileExplorer - Reading: ensayos.xml
2025-03-04 15:19:41 [Thread-4] INFO org.sinbelisk.graphicftp.FTPFileExplorer - Reading: Godot
2025-03-04 15:19:41 [Thread-4] INFO org.sinbelisk.graphicftp.FTPFileExplorer - Reading: Unity
2025-03-04 15:19:41 [Thread-4] INFO org.sinbelisk.graphicftp.FTPFileExplorer - Reading: GDD.pdf
2025-03-04 15:19:41 [Thread-4] INFO org.sinbelisk.graphicftp.FTPFileExplorer - Reading: GDD.docx
2025-03-04 15:19:41 [Thread-4] INFO org.sinbelisk.graphicftp.FTPFileExplorer - Reading: 1DAMP
2025-03-04 15:19:41 [JavaFX Application Thread] INFO org.sinbelisk.graphicftp.FTPFileExplorer - Updating TreeView with 22 items.
