2025-03-04 19:38:59 [JavaFX Application Thread] INFO org.sinbelisk.graphicftp.services.FTPClientManager - Conect치ndose al servidor FTP: localhost en puerto 21
2025-03-04 19:38:59 [JavaFX Application Thread] INFO org.sinbelisk.graphicftp.services.FTPClientManager - Usuario 'usuario1' ha iniciado sesi칩n correctamente.
2025-03-04 19:38:59 [Thread-3] INFO org.sinbelisk.graphicftp.FTPFileExplorer - Reading: usuario1
2025-03-04 19:38:59 [JavaFX Application Thread] INFO org.sinbelisk.graphicftp.FTPFileExplorer - Updating TreeView with 1 items.
2025-03-04 19:38:59 [JavaFX Application Thread] INFO org.sinbelisk.graphicftp.FTPFileExplorer - TreeView synchronization completed successfully.
2025-03-04 19:39:01 [Thread-4] INFO org.sinbelisk.graphicftp.FTPFileExplorer - Reading: 200688.jpg
2025-03-04 19:39:01 [Thread-4] INFO org.sinbelisk.graphicftp.FTPFileExplorer - Reading: 2024-11-25 15-47-25.mkv
2025-03-04 19:39:01 [Thread-4] INFO org.sinbelisk.graphicftp.FTPFileExplorer - Reading: Ejercicio3.mp4
2025-03-04 19:39:01 [Thread-4] INFO org.sinbelisk.graphicftp.FTPFileExplorer - Reading: frase objetivo.txt
2025-03-04 19:39:01 [Thread-4] INFO org.sinbelisk.graphicftp.FTPFileExplorer - Reading: prueba editar.png
2025-03-04 19:39:01 [Thread-4] INFO org.sinbelisk.graphicftp.FTPFileExplorer - Reading: Wokot 4.0.exe
2025-03-04 19:39:01 [JavaFX Application Thread] INFO org.sinbelisk.graphicftp.FTPFileExplorer - Updating TreeView with 6 items.
2025-03-04 19:39:01 [JavaFX Application Thread] INFO org.sinbelisk.graphicftp.FTPFileExplorer - TreeView synchronization completed successfully.
2025-03-04 19:39:06 [JavaFX Application Thread] INFO org.sinbelisk.graphicftp.FTPFileExplorer - Uploading file: VideoRafaelJimenezMultimedia.mkv
2025-03-04 19:39:06 [JavaFX Application Thread] INFO org.sinbelisk.graphicftp.services.FTPClientManager - Subiendo archivo: C:\Users\rafji\Videos\VideoRafaelJimenezMultimedia.mkv -> /usuario1/VideoRafaelJimenezMultimedia.mkv
2025-03-04 19:39:08 [JavaFX Application Thread] INFO org.sinbelisk.graphicftp.services.FTPClientManager - Archivo subido correctamente a /usuario1/VideoRafaelJimenezMultimedia.mkv
2025-03-04 19:39:22 [JavaFX Application Thread] INFO org.sinbelisk.graphicftp.FTPFileExplorer - Uploading file: Awakened PoE Trade.exe
2025-03-04 19:39:22 [JavaFX Application Thread] INFO org.sinbelisk.graphicftp.services.FTPClientManager - Subiendo archivo: C:\Users\rafji\AppData\Local\Programs\Awakened PoE Trade\Awakened PoE Trade.exe -> /usuario1/Awakened PoE Trade.exe
2025-03-04 19:39:26 [JavaFX Application Thread] INFO org.sinbelisk.graphicftp.services.FTPClientManager - Archivo subido correctamente a /usuario1/Awakened PoE Trade.exe
2025-03-04 19:39:50 [JavaFX Application Thread] INFO org.sinbelisk.graphicftp.FTPFileExplorer - Renaming file/folder from: /usuario1/Ejercicio3.mp4 to: /usuario1/tuputamadre
2025-03-04 19:39:50 [JavaFX Application Thread] INFO org.sinbelisk.graphicftp.services.FTPClientManager - Renaming file/folder from: /usuario1/Ejercicio3.mp4 to: /usuario1/tuputamadre
2025-03-04 19:39:50 [JavaFX Application Thread] INFO org.sinbelisk.graphicftp.services.FTPClientManager - File/folder renamed successfully from: /usuario1/Ejercicio3.mp4 to: /usuario1/tuputamadre
2025-03-04 19:40:07 [JavaFX Application Thread] INFO org.sinbelisk.graphicftp.FTPFileExplorer - Renaming file/folder from: /usuario1/200688.jpg to: /usuario1/tumadre.jpg
2025-03-04 19:40:07 [JavaFX Application Thread] INFO org.sinbelisk.graphicftp.services.FTPClientManager - Renaming file/folder from: /usuario1/200688.jpg to: /usuario1/tumadre.jpg
2025-03-04 19:40:07 [JavaFX Application Thread] INFO org.sinbelisk.graphicftp.services.FTPClientManager - File/folder renamed successfully from: /usuario1/200688.jpg to: /usuario1/tumadre.jpg
2025-03-04 19:40:11 [JavaFX Application Thread] INFO org.sinbelisk.graphicftp.services.FTPClientManager - Conect치ndose al servidor FTP: localhost en puerto 21
2025-03-04 19:40:11 [JavaFX Application Thread] INFO org.sinbelisk.graphicftp.services.FTPClientManager - Usuario 'usuario1' ha iniciado sesi칩n correctamente.
2025-03-04 19:40:11 [Thread-5] INFO org.sinbelisk.graphicftp.FTPFileExplorer - Reading: usuario1
2025-03-04 19:40:11 [JavaFX Application Thread] INFO org.sinbelisk.graphicftp.FTPFileExplorer - Updating TreeView with 1 items.
2025-03-04 19:40:11 [JavaFX Application Thread] INFO org.sinbelisk.graphicftp.FTPFileExplorer - TreeView synchronization completed successfully.
2025-03-04 19:40:12 [Thread-6] INFO org.sinbelisk.graphicftp.FTPFileExplorer - Reading: 2024-11-25 15-47-25.mkv
2025-03-04 19:40:12 [Thread-6] INFO org.sinbelisk.graphicftp.FTPFileExplorer - Reading: Awakened PoE Trade.exe
2025-03-04 19:40:12 [Thread-6] INFO org.sinbelisk.graphicftp.FTPFileExplorer - Reading: frase objetivo.txt
2025-03-04 19:40:12 [Thread-6] INFO org.sinbelisk.graphicftp.FTPFileExplorer - Reading: prueba editar.png
2025-03-04 19:40:12 [Thread-6] INFO org.sinbelisk.graphicftp.FTPFileExplorer - Reading: tumadre.jpg
2025-03-04 19:40:12 [Thread-6] INFO org.sinbelisk.graphicftp.FTPFileExplorer - Reading: tuputamadre
2025-03-04 19:40:12 [Thread-6] INFO org.sinbelisk.graphicftp.FTPFileExplorer - Reading: VideoRafaelJimenezMultimedia.mkv
2025-03-04 19:40:12 [Thread-6] INFO org.sinbelisk.graphicftp.FTPFileExplorer - Reading: Wokot 4.0.exe
2025-03-04 19:40:12 [JavaFX Application Thread] INFO org.sinbelisk.graphicftp.FTPFileExplorer - Updating TreeView with 8 items.
2025-03-04 19:40:12 [JavaFX Application Thread] INFO org.sinbelisk.graphicftp.FTPFileExplorer - TreeView synchronization completed successfully.
2025-03-04 19:40:19 [JavaFX Application Thread] INFO org.sinbelisk.graphicftp.FTPFileExplorer - Creating folder at path: /usuario1/Wokot 4.0.exe/pepe
2025-03-04 19:40:19 [JavaFX Application Thread] INFO org.sinbelisk.graphicftp.services.FTPClientManager - Creating folder at path: /usuario1/Wokot 4.0.exe/pepe
2025-03-04 19:40:19 [JavaFX Application Thread] WARN org.sinbelisk.graphicftp.services.FTPClientManager - Failed to create folder at /usuario1/Wokot 4.0.exe/pepe
2025-03-04 19:40:31 [JavaFX Application Thread] INFO org.sinbelisk.graphicftp.FTPFileExplorer - Creating folder at path: /usuario1/pepe
2025-03-04 19:40:31 [JavaFX Application Thread] INFO org.sinbelisk.graphicftp.services.FTPClientManager - Creating folder at path: /usuario1/pepe
2025-03-04 19:40:31 [JavaFX Application Thread] INFO org.sinbelisk.graphicftp.services.FTPClientManager - Folder created successfully at /usuario1/pepe
