2025-03-04 17:39:32 [JavaFX Application Thread] INFO org.sinbelisk.graphicftp.services.FTPClientManager - Conectándose al servidor FTP: localhost en puerto 21
2025-03-04 17:39:32 [JavaFX Application Thread] INFO org.sinbelisk.graphicftp.services.FTPClientManager - Usuario 'usuario1' ha iniciado sesión correctamente.
2025-03-04 17:39:32 [Thread-3] INFO org.sinbelisk.graphicftp.FTPFileExplorer - Reading: usuario1
2025-03-04 17:39:32 [JavaFX Application Thread] INFO org.sinbelisk.graphicftp.FTPFileExplorer - Updating TreeView with 1 items.
2025-03-04 17:39:32 [JavaFX Application Thread] INFO org.sinbelisk.graphicftp.FTPFileExplorer - TreeView synchronization completed successfully.
2025-03-04 17:39:34 [Thread-4] INFO org.sinbelisk.graphicftp.FTPFileExplorer - Reading: AplicacionDosListasRafaelJimenez.7z
2025-03-04 17:39:34 [Thread-4] INFO org.sinbelisk.graphicftp.FTPFileExplorer - Reading: cropped-1920-1080-1332803.png
2025-03-04 17:39:34 [Thread-4] INFO org.sinbelisk.graphicftp.FTPFileExplorer - Reading: Ejercicio4.mp4build.gradle.kts
2025-03-04 17:39:34 [Thread-4] INFO org.sinbelisk.graphicftp.FTPFileExplorer - Reading: Ejercicio4.mp4build.gradle.ktsFragmentosPractica.zip
2025-03-04 17:39:34 [Thread-4] INFO org.sinbelisk.graphicftp.FTPFileExplorer - Reading: favicon-3.ico
2025-03-04 17:39:34 [Thread-4] INFO org.sinbelisk.graphicftp.FTPFileExplorer - Reading: LOG.txt
2025-03-04 17:39:34 [Thread-4] INFO org.sinbelisk.graphicftp.FTPFileExplorer - Reading: server_test.txt
2025-03-04 17:39:34 [Thread-4] INFO org.sinbelisk.graphicftp.FTPFileExplorer - Reading: Wokot_v4.3.exe
2025-03-04 17:39:34 [JavaFX Application Thread] INFO org.sinbelisk.graphicftp.FTPFileExplorer - Updating TreeView with 8 items.
2025-03-04 17:39:39 [JavaFX Application Thread] INFO org.sinbelisk.graphicftp.FTPFileExplorer - Creating folder at path: /usuario1/null
2025-03-04 17:39:39 [JavaFX Application Thread] INFO org.sinbelisk.graphicftp.services.FTPClientManager - Creating folder at path: /usuario1/null
2025-03-04 17:39:39 [JavaFX Application Thread] INFO org.sinbelisk.graphicftp.services.FTPClientManager - Folder created successfully at /usuario1/null
2025-03-04 17:39:42 [JavaFX Application Thread] INFO org.sinbelisk.graphicftp.FTPFileExplorer - Uploading file: usuario1
2025-03-04 17:39:46 [JavaFX Application Thread] WARN org.sinbelisk.graphicftp.FTPFileExplorer - El usuario no seleccionó ningún archivo.
2025-03-04 17:39:48 [JavaFX Application Thread] INFO org.sinbelisk.graphicftp.FTPFileExplorer - Uploading file: favicon-3.ico
2025-03-04 17:39:50 [JavaFX Application Thread] INFO org.sinbelisk.graphicftp.services.FTPClientManager - Subiendo archivo: D:\Android\AplicacionDosListasRafaelJimenez.7z -> /usuario1/favicon-3.icoAplicacionDosListasRafaelJimenez.7z
2025-03-04 17:39:50 [JavaFX Application Thread] INFO org.sinbelisk.graphicftp.services.FTPClientManager - Archivo subido correctamente a /usuario1/favicon-3.icoAplicacionDosListasRafaelJimenez.7z
