2025-03-04 16:45:55 [JavaFX Application Thread] INFO org.sinbelisk.graphicftp.services.FTPClientManager - Conectándose al servidor FTP: localhost en puerto 21
2025-03-04 16:45:55 [JavaFX Application Thread] INFO org.sinbelisk.graphicftp.services.FTPClientManager - Usuario 'usuario1' ha iniciado sesión correctamente.
2025-03-04 16:45:56 [Thread-3] INFO org.sinbelisk.graphicftp.FTPFileExplorer - Reading: usuario1
2025-03-04 16:45:56 [JavaFX Application Thread] INFO org.sinbelisk.graphicftp.FTPFileExplorer - Updating TreeView with 1 items.
2025-03-04 16:45:56 [JavaFX Application Thread] INFO org.sinbelisk.graphicftp.FTPFileExplorer - TreeView synchronization completed successfully.
2025-03-04 16:45:57 [Thread-4] INFO org.sinbelisk.graphicftp.FTPFileExplorer - Reading: LOG.txt
2025-03-04 16:45:57 [Thread-4] INFO org.sinbelisk.graphicftp.FTPFileExplorer - Reading: server_test.txt
2025-03-04 16:45:57 [Thread-4] INFO org.sinbelisk.graphicftp.FTPFileExplorer - Reading: Wokot_v4.3.exe
2025-03-04 16:45:57 [JavaFX Application Thread] INFO org.sinbelisk.graphicftp.FTPFileExplorer - Updating TreeView with 3 items.
2025-03-04 16:46:06 [JavaFX Application Thread] ERROR org.sinbelisk.graphicftp.services.FTPClientManager - Error al descargar el archivo: C:\Users\rafji\Downloads\ACLib (Access is denied)
java.io.FileNotFoundException: C:\Users\rafji\Downloads\ACLib (Access is denied)
	at java.io.FileOutputStream.open0(Native Method) ~[?:?]
	at java.io.FileOutputStream.open(FileOutputStream.java:293) ~[?:?]
	at java.io.FileOutputStream.<init>(FileOutputStream.java:235) ~[?:?]
	at java.io.FileOutputStream.<init>(FileOutputStream.java:123) ~[?:?]
	at org.sinbelisk.graphicftp.services.FTPClientManager.downloadFile(FTPClientManager.java:126) ~[classes/:?]
	at org.sinbelisk.graphicftp.FTPFileExplorer.downloadFile(FTPFileExplorer.java:173) ~[classes/:?]
	at org.sinbelisk.graphicftp.FileTreeContextMenu.lambda$updateMenuItems$3(FileTreeContextMenu.java:55) ~[classes/:?]
	at org.sinbelisk.graphicftp.FileTreeContextMenu.lambda$setActionForMenuItem$4(FileTreeContextMenu.java:64) ~[classes/:?]
	at com.sun.javafx.event.CompositeEventHandler.dispatchBubblingEvent(CompositeEventHandler.java:86) ~[javafx-base-17.0.6-win.jar:?]
	at com.sun.javafx.event.EventHandlerManager.dispatchBubblingEvent(EventHandlerManager.java:234) ~[javafx-base-17.0.6-win.jar:?]
	at com.sun.javafx.event.EventHandlerManager.dispatchBubblingEvent(EventHandlerManager.java:191) ~[javafx-base-17.0.6-win.jar:?]
	at com.sun.javafx.event.BasicEventDispatcher.dispatchEvent(BasicEventDispatcher.java:58) ~[javafx-base-17.0.6-win.jar:?]
	at com.sun.javafx.event.EventDispatchChainImpl.dispatchEvent(EventDispatchChainImpl.java:114) ~[javafx-base-17.0.6-win.jar:?]
	at com.sun.javafx.event.EventUtil.fireEventImpl(EventUtil.java:74) ~[javafx-base-17.0.6-win.jar:?]
	at com.sun.javafx.event.EventUtil.fireEvent(EventUtil.java:49) ~[javafx-base-17.0.6-win.jar:?]
	at javafx.event.Event.fireEvent(Event.java:198) ~[javafx-base-17.0.6-win.jar:?]
	at javafx.scene.control.MenuItem.fire(MenuItem.java:459) ~[javafx-controls-17.0.6-win.jar:?]
	at com.sun.javafx.scene.control.ContextMenuContent$MenuItemContainer.doSelect(ContextMenuContent.java:1385) ~[javafx-controls-17.0.6-win.jar:?]
	at com.sun.javafx.scene.control.ContextMenuContent$MenuItemContainer.lambda$createChildren$12(ContextMenuContent.java:1338) ~[javafx-controls-17.0.6-win.jar:?]
	at com.sun.javafx.event.CompositeEventHandler$NormalEventHandlerRecord.handleBubblingEvent(CompositeEventHandler.java:247) ~[javafx-base-17.0.6-win.jar:?]
	at com.sun.javafx.event.CompositeEventHandler.dispatchBubblingEvent(CompositeEventHandler.java:80) ~[javafx-base-17.0.6-win.jar:?]
	at com.sun.javafx.event.EventHandlerManager.dispatchBubblingEvent(EventHandlerManager.java:234) ~[javafx-base-17.0.6-win.jar:?]
	at com.sun.javafx.event.EventHandlerManager.dispatchBubblingEvent(EventHandlerManager.java:191) ~[javafx-base-17.0.6-win.jar:?]
	at com.sun.javafx.event.CompositeEventDispatcher.dispatchBubblingEvent(CompositeEventDispatcher.java:59) ~[javafx-base-17.0.6-win.jar:?]
	at com.sun.javafx.event.BasicEventDispatcher.dispatchEvent(BasicEventDispatcher.java:58) ~[javafx-base-17.0.6-win.jar:?]
	at com.sun.javafx.event.EventDispatchChainImpl.dispatchEvent(EventDispatchChainImpl.java:114) ~[javafx-base-17.0.6-win.jar:?]
	at com.sun.javafx.event.BasicEventDispatcher.dispatchEvent(BasicEventDispatcher.java:56) ~[javafx-base-17.0.6-win.jar:?]
	at com.sun.javafx.event.EventDispatchChainImpl.dispatchEvent(EventDispatchChainImpl.java:114) ~[javafx-base-17.0.6-win.jar:?]
	at com.sun.javafx.event.BasicEventDispatcher.dispatchEvent(BasicEventDispatcher.java:56) ~[javafx-base-17.0.6-win.jar:?]
	at com.sun.javafx.event.EventDispatchChainImpl.dispatchEvent(EventDispatchChainImpl.java:114) ~[javafx-base-17.0.6-win.jar:?]
	at com.sun.javafx.event.BasicEventDispatcher.dispatchEvent(BasicEventDispatcher.java:56) ~[javafx-base-17.0.6-win.jar:?]
	at com.sun.javafx.event.EventDispatchChainImpl.dispatchEvent(EventDispatchChainImpl.java:114) ~[javafx-base-17.0.6-win.jar:?]
	at com.sun.javafx.event.EventUtil.fireEventImpl(EventUtil.java:74) ~[javafx-base-17.0.6-win.jar:?]
	at com.sun.javafx.event.EventUtil.fireEvent(EventUtil.java:54) ~[javafx-base-17.0.6-win.jar:?]
	at javafx.event.Event.fireEvent(Event.java:198) ~[javafx-base-17.0.6-win.jar:?]
	at javafx.scene.Scene$MouseHandler.process(Scene.java:3897) ~[javafx-graphics-17.0.6-win.jar:?]
	at javafx.scene.Scene.processMouseEvent(Scene.java:1878) ~[javafx-graphics-17.0.6-win.jar:?]
	at javafx.scene.Scene$ScenePeerListener.mouseEvent(Scene.java:2623) ~[javafx-graphics-17.0.6-win.jar:?]
	at com.sun.javafx.tk.quantum.GlassViewEventHandler$MouseEventNotification.run(GlassViewEventHandler.java:411) ~[javafx-graphics-17.0.6-win.jar:?]
	at com.sun.javafx.tk.quantum.GlassViewEventHandler$MouseEventNotification.run(GlassViewEventHandler.java:301) ~[javafx-graphics-17.0.6-win.jar:?]
	at java.security.AccessController.doPrivileged(AccessController.java:399) ~[?:?]
	at com.sun.javafx.tk.quantum.GlassViewEventHandler.lambda$handleMouseEvent$2(GlassViewEventHandler.java:450) ~[javafx-graphics-17.0.6-win.jar:?]
	at com.sun.javafx.tk.quantum.QuantumToolkit.runWithoutRenderLock(QuantumToolkit.java:424) ~[javafx-graphics-17.0.6-win.jar:?]
	at com.sun.javafx.tk.quantum.GlassViewEventHandler.handleMouseEvent(GlassViewEventHandler.java:449) ~[javafx-graphics-17.0.6-win.jar:?]
	at com.sun.glass.ui.View.handleMouseEvent(View.java:557) ~[javafx-graphics-17.0.6-win.jar:?]
	at com.sun.glass.ui.View.notifyMouse(View.java:943) ~[javafx-graphics-17.0.6-win.jar:?]
	at com.sun.glass.ui.win.WinApplication._runLoop(Native Method) ~[javafx-graphics-17.0.6-win.jar:?]
	at com.sun.glass.ui.win.WinApplication.lambda$runLoop$3(WinApplication.java:184) ~[javafx-graphics-17.0.6-win.jar:?]
	at java.lang.Thread.run(Thread.java:833) [?:?]
