2025-03-04 19:27:26 [JavaFX Application Thread] INFO org.sinbelisk.graphicftp.services.FTPClientManager - Conectándose al servidor FTP: localhost en puerto 21
2025-03-04 19:27:26 [JavaFX Application Thread] INFO org.sinbelisk.graphicftp.services.FTPClientManager - Usuario 'usuario1' ha iniciado sesión correctamente.
2025-03-04 19:27:26 [Thread-3] INFO org.sinbelisk.graphicftp.FTPFileExplorer - Reading: usuario1
2025-03-04 19:27:26 [JavaFX Application Thread] INFO org.sinbelisk.graphicftp.FTPFileExplorer - Updating TreeView with 1 items.
2025-03-04 19:27:26 [JavaFX Application Thread] INFO org.sinbelisk.graphicftp.FTPFileExplorer - TreeView synchronization completed successfully.
2025-03-04 19:27:28 [JavaFX Application Thread] INFO org.sinbelisk.graphicftp.FTPFileExplorer - Updating TreeView with 0 items.
2025-03-04 19:27:28 [JavaFX Application Thread] INFO org.sinbelisk.graphicftp.FTPFileExplorer - TreeView synchronization completed successfully.
2025-03-04 19:27:31 [JavaFX Application Thread] INFO org.sinbelisk.graphicftp.services.FTPClientManager - Conectándose al servidor FTP: localhost en puerto 21
2025-03-04 19:27:31 [JavaFX Application Thread] INFO org.sinbelisk.graphicftp.services.FTPClientManager - Usuario 'usuario1' ha iniciado sesión correctamente.
2025-03-04 19:27:31 [Thread-5] INFO org.sinbelisk.graphicftp.FTPFileExplorer - Reading: usuario1
2025-03-04 19:27:31 [JavaFX Application Thread] INFO org.sinbelisk.graphicftp.FTPFileExplorer - Updating TreeView with 1 items.
2025-03-04 19:27:31 [JavaFX Application Thread] INFO org.sinbelisk.graphicftp.FTPFileExplorer - TreeView synchronization completed successfully.
2025-03-04 19:27:32 [JavaFX Application Thread] INFO org.sinbelisk.graphicftp.FTPFileExplorer - Updating TreeView with 0 items.
2025-03-04 19:27:32 [JavaFX Application Thread] INFO org.sinbelisk.graphicftp.FTPFileExplorer - TreeView synchronization completed successfully.
2025-03-04 19:27:43 [JavaFX Application Thread] INFO org.sinbelisk.graphicftp.FTPFileExplorer - Uploading file: Ejercicio3.mp4
2025-03-04 19:27:43 [JavaFX Application Thread] INFO org.sinbelisk.graphicftp.services.FTPClientManager - Subiendo archivo: C:\Users\rafji\Downloads\Ejercicio3.mp4 -> /usuario1/Ejercicio3.mp4
2025-03-04 19:27:43 [JavaFX Application Thread] INFO org.sinbelisk.graphicftp.services.FTPClientManager - Archivo subido correctamente a /usuario1/Ejercicio3.mp4
2025-03-04 19:27:50 [JavaFX Application Thread] INFO org.sinbelisk.graphicftp.FTPFileExplorer - Uploading file: Wokot 4.0.exe
2025-03-04 19:27:50 [JavaFX Application Thread] INFO org.sinbelisk.graphicftp.services.FTPClientManager - Subiendo archivo: D:\Godot\Wokot 4.0.exe -> /usuario1/Wokot 4.0.exe
2025-03-04 19:27:54 [JavaFX Application Thread] INFO org.sinbelisk.graphicftp.services.FTPClientManager - Archivo subido correctamente a /usuario1/Wokot 4.0.exe
2025-03-04 19:28:27 [JavaFX Application Thread] INFO org.sinbelisk.graphicftp.FTPFileExplorer - Uploading file: prueba editar.png
2025-03-04 19:28:27 [JavaFX Application Thread] INFO org.sinbelisk.graphicftp.services.FTPClientManager - Subiendo archivo: C:\Users\rafji\Pictures\Screenshots\prueba editar.png -> /usuario1/prueba editar.png
2025-03-04 19:28:27 [JavaFX Application Thread] INFO org.sinbelisk.graphicftp.services.FTPClientManager - Archivo subido correctamente a /usuario1/prueba editar.png
2025-03-04 19:28:42 [JavaFX Application Thread] INFO org.sinbelisk.graphicftp.FTPFileExplorer - Uploading file: Ficha aprendizaje experimentación y prototipado.pdf
2025-03-04 19:28:42 [JavaFX Application Thread] INFO org.sinbelisk.graphicftp.services.FTPClientManager - Subiendo archivo: C:\Users\rafji\Documents\Ficha aprendizaje experimentación y prototipado.pdf -> /usuario1/Ficha aprendizaje experimentación y prototipado.pdf
2025-03-04 19:28:42 [JavaFX Application Thread] WARN org.sinbelisk.graphicftp.services.FTPClientManager - No se pudo subir el archivo a /usuario1/Ficha aprendizaje experimentación y prototipado.pdf
2025-03-04 19:29:04 [JavaFX Application Thread] INFO org.sinbelisk.graphicftp.FTPFileExplorer - Uploading file: Ficha aprendizaje experimentación y prototipado.pdf
2025-03-04 19:29:04 [JavaFX Application Thread] INFO org.sinbelisk.graphicftp.services.FTPClientManager - Subiendo archivo: C:\Users\rafji\Documents\Ficha aprendizaje experimentación y prototipado.pdf -> /usuario1/Ficha aprendizaje experimentación y prototipado.pdf
2025-03-04 19:29:04 [JavaFX Application Thread] WARN org.sinbelisk.graphicftp.services.FTPClientManager - No se pudo subir el archivo a /usuario1/Ficha aprendizaje experimentación y prototipado.pdf
2025-03-04 19:29:13 [JavaFX Application Thread] INFO org.sinbelisk.graphicftp.FTPFileExplorer - Uploading file: frase objetivo.txt
2025-03-04 19:29:13 [JavaFX Application Thread] INFO org.sinbelisk.graphicftp.services.FTPClientManager - Subiendo archivo: D:\2DAMP\frase objetivo.txt -> /usuario1/frase objetivo.txt
2025-03-04 19:29:13 [JavaFX Application Thread] INFO org.sinbelisk.graphicftp.services.FTPClientManager - Archivo subido correctamente a /usuario1/frase objetivo.txt
2025-03-04 19:29:20 [JavaFX Application Thread] INFO org.sinbelisk.graphicftp.services.FTPClientManager - Conectándose al servidor FTP: localhost en puerto 21
2025-03-04 19:29:20 [JavaFX Application Thread] INFO org.sinbelisk.graphicftp.services.FTPClientManager - Usuario 'usuario1' ha iniciado sesión correctamente.
2025-03-04 19:29:20 [Thread-7] INFO org.sinbelisk.graphicftp.FTPFileExplorer - Reading: usuario1
2025-03-04 19:29:20 [JavaFX Application Thread] INFO org.sinbelisk.graphicftp.FTPFileExplorer - Updating TreeView with 1 items.
2025-03-04 19:29:20 [JavaFX Application Thread] INFO org.sinbelisk.graphicftp.FTPFileExplorer - TreeView synchronization completed successfully.
2025-03-04 19:29:21 [Thread-8] INFO org.sinbelisk.graphicftp.FTPFileExplorer - Reading: Ejercicio3.mp4
2025-03-04 19:29:21 [Thread-8] INFO org.sinbelisk.graphicftp.FTPFileExplorer - Reading: frase objetivo.txt
2025-03-04 19:29:21 [Thread-8] INFO org.sinbelisk.graphicftp.FTPFileExplorer - Reading: prueba editar.png
2025-03-04 19:29:21 [Thread-8] INFO org.sinbelisk.graphicftp.FTPFileExplorer - Reading: Wokot 4.0.exe
2025-03-04 19:29:21 [JavaFX Application Thread] INFO org.sinbelisk.graphicftp.FTPFileExplorer - Updating TreeView with 4 items.
2025-03-04 19:29:21 [JavaFX Application Thread] INFO org.sinbelisk.graphicftp.FTPFileExplorer - TreeView synchronization completed successfully.
