2025-03-04 19:24:49 [JavaFX Application Thread] INFO org.sinbelisk.graphicftp.services.FTPClientManager - Conectándose al servidor FTP: localhost en puerto 21
2025-03-04 19:24:49 [JavaFX Application Thread] INFO org.sinbelisk.graphicftp.services.FTPClientManager - Usuario 'usuario1' ha iniciado sesión correctamente.
2025-03-04 19:24:49 [Thread-3] INFO org.sinbelisk.graphicftp.FTPFileExplorer - Reading: usuario1
2025-03-04 19:24:49 [JavaFX Application Thread] INFO org.sinbelisk.graphicftp.FTPFileExplorer - Updating TreeView with 1 items.
2025-03-04 19:24:49 [JavaFX Application Thread] INFO org.sinbelisk.graphicftp.FTPFileExplorer - TreeView synchronization completed successfully.
2025-03-04 19:24:51 [Thread-4] INFO org.sinbelisk.graphicftp.FTPFileExplorer - Reading: 200688.jpg
2025-03-04 19:24:51 [Thread-4] INFO org.sinbelisk.graphicftp.FTPFileExplorer - Reading: LOG.txt
2025-03-04 19:24:51 [Thread-4] INFO org.sinbelisk.graphicftp.FTPFileExplorer - Reading: pepe
2025-03-04 19:24:51 [Thread-4] INFO org.sinbelisk.graphicftp.FTPFileExplorer - Reading: reacttest.iml
2025-03-04 19:24:51 [Thread-4] INFO org.sinbelisk.graphicftp.FTPFileExplorer - Reading: server_test.txt
2025-03-04 19:24:51 [Thread-4] INFO org.sinbelisk.graphicftp.FTPFileExplorer - Reading: Wokot_v4.3.exe
2025-03-04 19:24:51 [JavaFX Application Thread] INFO org.sinbelisk.graphicftp.FTPFileExplorer - Updating TreeView with 6 items.
2025-03-04 19:24:51 [JavaFX Application Thread] INFO org.sinbelisk.graphicftp.FTPFileExplorer - TreeView synchronization completed successfully.
2025-03-04 19:24:55 [JavaFX Application Thread] INFO org.sinbelisk.graphicftp.FTPFileExplorer - Uploading file: PRÁCTICA (enunciados).pdf
2025-03-04 19:24:55 [JavaFX Application Thread] INFO org.sinbelisk.graphicftp.services.FTPClientManager - Subiendo archivo: C:\Users\rafji\Pictures\PRÁCTICA (enunciados).pdf -> /usuario1/PRÁCTICA (enunciados).pdf
2025-03-04 19:24:55 [JavaFX Application Thread] WARN org.sinbelisk.graphicftp.services.FTPClientManager - No se pudo subir el archivo a /usuario1/PRÁCTICA (enunciados).pdf
2025-03-04 19:25:10 [JavaFX Application Thread] INFO org.sinbelisk.graphicftp.FTPFileExplorer - Uploading file: favicon-3.ico
2025-03-04 19:25:10 [JavaFX Application Thread] INFO org.sinbelisk.graphicftp.services.FTPClientManager - Subiendo archivo: C:\Users\rafji\Pictures\favicon-3.ico -> /usuario1/favicon-3.ico
2025-03-04 19:25:10 [JavaFX Application Thread] INFO org.sinbelisk.graphicftp.services.FTPClientManager - Archivo subido correctamente a /usuario1/favicon-3.ico
2025-03-04 19:25:26 [JavaFX Application Thread] INFO org.sinbelisk.graphicftp.FTPFileExplorer - Uploading file: EjercicioTesoreria.pdf
2025-03-04 19:25:26 [JavaFX Application Thread] INFO org.sinbelisk.graphicftp.services.FTPClientManager - Subiendo archivo: C:\Users\rafji\Documents\EjercicioTesoreria.pdf -> /usuario1//EjercicioTesoreria.pdf
2025-03-04 19:25:26 [JavaFX Application Thread] INFO org.sinbelisk.graphicftp.services.FTPClientManager - Archivo subido correctamente a /usuario1//EjercicioTesoreria.pdf
