2025-03-04 16:17:55 [JavaFX Application Thread] INFO org.sinbelisk.graphicftp.services.FTPClientManager - Conectándose al servidor FTP: localhost en puerto 21
2025-03-04 16:17:55 [JavaFX Application Thread] INFO org.sinbelisk.graphicftp.services.FTPClientManager - Usuario 'usuario1' ha iniciado sesión correctamente.
2025-03-04 16:17:56 [Thread-3] INFO org.sinbelisk.graphicftp.FTPFileExplorer - Reading: usuario1
2025-03-04 16:17:56 [JavaFX Application Thread] INFO org.sinbelisk.graphicftp.FTPFileExplorer - Updating TreeView with 1 items.
2025-03-04 16:17:56 [JavaFX Application Thread] INFO org.sinbelisk.graphicftp.FTPFileExplorer - TreeView synchronization completed successfully.
2025-03-04 16:18:00 [Thread-4] INFO org.sinbelisk.graphicftp.FTPFileExplorer - Reading: americio
2025-03-04 16:18:00 [Thread-4] INFO org.sinbelisk.graphicftp.FTPFileExplorer - Reading: LOG.txt
2025-03-04 16:18:00 [Thread-4] INFO org.sinbelisk.graphicftp.FTPFileExplorer - Reading: pepe
2025-03-04 16:18:00 [Thread-4] INFO org.sinbelisk.graphicftp.FTPFileExplorer - Reading: server_test.txt
2025-03-04 16:18:00 [Thread-4] INFO org.sinbelisk.graphicftp.FTPFileExplorer - Reading: Wokot_v4.3.exe
2025-03-04 16:18:00 [JavaFX Application Thread] INFO org.sinbelisk.graphicftp.FTPFileExplorer - Updating TreeView with 5 items.
2025-03-04 16:18:04 [JavaFX Application Thread] INFO org.sinbelisk.graphicftp.FTPFileExplorer - Creating folder at path: /usuario1/Crotolamium
2025-03-04 16:18:04 [JavaFX Application Thread] INFO org.sinbelisk.graphicftp.services.FTPClientManager - Creating folder at path: /usuario1/Crotolamium
2025-03-04 16:18:04 [JavaFX Application Thread] INFO org.sinbelisk.graphicftp.services.FTPClientManager - Folder created successfully at /usuario1/Crotolamium
2025-03-04 16:18:07 [JavaFX Application Thread] INFO org.sinbelisk.graphicftp.FTPFileExplorer - Updating TreeView with 0 items.
2025-03-04 16:18:09 [JavaFX Application Thread] INFO org.sinbelisk.graphicftp.FTPFileExplorer - Deleting file/folder at path: /usuario1
2025-03-04 16:18:09 [JavaFX Application Thread] INFO org.sinbelisk.graphicftp.services.FTPClientManager - Deleting file/folder at path: /usuario1
2025-03-04 16:18:09 [JavaFX Application Thread] WARN org.sinbelisk.graphicftp.services.FTPClientManager - Failed to delete file/folder at path: /usuario1
2025-03-04 16:18:23 [JavaFX Application Thread] INFO org.sinbelisk.graphicftp.FTPFileExplorer - Updating TreeView with 0 items.
2025-03-04 16:18:28 [JavaFX Application Thread] INFO org.sinbelisk.graphicftp.FTPFileExplorer - Creating folder at path: /usuario1/pepe/americium
2025-03-04 16:18:28 [JavaFX Application Thread] INFO org.sinbelisk.graphicftp.services.FTPClientManager - Creating folder at path: /usuario1/pepe/americium
2025-03-04 16:18:28 [JavaFX Application Thread] INFO org.sinbelisk.graphicftp.services.FTPClientManager - Folder created successfully at /usuario1/pepe/americium
2025-03-04 16:19:01 [JavaFX Application Thread] INFO org.sinbelisk.graphicftp.FTPFileExplorer - Deleting file/folder at path: /usuario1/pepe/americium
2025-03-04 16:19:01 [JavaFX Application Thread] INFO org.sinbelisk.graphicftp.services.FTPClientManager - Deleting file/folder at path: /usuario1/pepe/americium
2025-03-04 16:19:01 [JavaFX Application Thread] INFO org.sinbelisk.graphicftp.services.FTPClientManager - File/folder deleted successfully at path: /usuario1/pepe/americium
2025-03-04 16:19:08 [JavaFX Application Thread] INFO org.sinbelisk.graphicftp.FTPFileExplorer - Deleting file/folder at path: /usuario1/pepe
2025-03-04 16:19:08 [JavaFX Application Thread] INFO org.sinbelisk.graphicftp.services.FTPClientManager - Deleting file/folder at path: /usuario1/pepe
2025-03-04 16:19:08 [JavaFX Application Thread] INFO org.sinbelisk.graphicftp.services.FTPClientManager - File/folder deleted successfully at path: /usuario1/pepe
2025-03-04 16:19:10 [JavaFX Application Thread] INFO org.sinbelisk.graphicftp.FTPFileExplorer - Deleting file/folder at path: /usuario1/americio
2025-03-04 16:19:10 [JavaFX Application Thread] INFO org.sinbelisk.graphicftp.services.FTPClientManager - Deleting file/folder at path: /usuario1/americio
2025-03-04 16:19:10 [JavaFX Application Thread] INFO org.sinbelisk.graphicftp.services.FTPClientManager - File/folder deleted successfully at path: /usuario1/americio
2025-03-04 16:19:16 [JavaFX Application Thread] INFO org.sinbelisk.graphicftp.FTPFileExplorer - Deleting file/folder at path: /usuario1/Crotolamium
2025-03-04 16:19:16 [JavaFX Application Thread] INFO org.sinbelisk.graphicftp.services.FTPClientManager - Deleting file/folder at path: /usuario1/Crotolamium
2025-03-04 16:19:16 [JavaFX Application Thread] INFO org.sinbelisk.graphicftp.services.FTPClientManager - File/folder deleted successfully at path: /usuario1/Crotolamium
