2025-03-04 17:47:22 [JavaFX Application Thread] INFO org.sinbelisk.graphicftp.services.FTPClientManager - Conectándose al servidor FTP: localhost en puerto 21
2025-03-04 17:47:22 [JavaFX Application Thread] INFO org.sinbelisk.graphicftp.services.FTPClientManager - Usuario 'usuario1' ha iniciado sesión correctamente.
2025-03-04 17:47:22 [Thread-3] INFO org.sinbelisk.graphicftp.FTPFileExplorer - Reading: usuario1
2025-03-04 17:47:22 [JavaFX Application Thread] INFO org.sinbelisk.graphicftp.FTPFileExplorer - Updating TreeView with 1 items.
2025-03-04 17:47:22 [JavaFX Application Thread] INFO org.sinbelisk.graphicftp.FTPFileExplorer - TreeView synchronization completed successfully.
2025-03-04 17:47:23 [Thread-4] INFO org.sinbelisk.graphicftp.FTPFileExplorer - Reading: AplicacionDosListasRafaelJimenez.7z
2025-03-04 17:47:23 [Thread-4] INFO org.sinbelisk.graphicftp.FTPFileExplorer - Reading: cropped-1920-1080-1332803.png
2025-03-04 17:47:23 [Thread-4] INFO org.sinbelisk.graphicftp.FTPFileExplorer - Reading: Ejercicio4.mp4build.gradle.kts
2025-03-04 17:47:23 [Thread-4] INFO org.sinbelisk.graphicftp.FTPFileExplorer - Reading: Ejercicio4.mp4build.gradle.ktsFragmentosPractica.zip
2025-03-04 17:47:23 [Thread-4] INFO org.sinbelisk.graphicftp.FTPFileExplorer - Reading: favicon-3.ico
2025-03-04 17:47:23 [Thread-4] INFO org.sinbelisk.graphicftp.FTPFileExplorer - Reading: favicon-3.icoAplicacionDosListasRafaelJimenez.7z
2025-03-04 17:47:23 [Thread-4] INFO org.sinbelisk.graphicftp.FTPFileExplorer - Reading: LOG.txt
2025-03-04 17:47:23 [Thread-4] INFO org.sinbelisk.graphicftp.FTPFileExplorer - Reading: null
2025-03-04 17:47:23 [Thread-4] INFO org.sinbelisk.graphicftp.FTPFileExplorer - Reading: server_test.txt
2025-03-04 17:47:23 [Thread-4] INFO org.sinbelisk.graphicftp.FTPFileExplorer - Reading: Wokot_v4.3.exe
2025-03-04 17:47:23 [JavaFX Application Thread] INFO org.sinbelisk.graphicftp.FTPFileExplorer - Updating TreeView with 10 items.
2025-03-04 17:47:23 [JavaFX Application Thread] INFO org.sinbelisk.graphicftp.FTPFileExplorer - TreeView synchronization completed successfully.
2025-03-04 17:47:29 [JavaFX Application Thread] WARN org.sinbelisk.graphicftp.FTPFileExplorer - No file selected for download.
2025-03-04 17:47:34 [JavaFX Application Thread] INFO org.sinbelisk.graphicftp.FTPFileExplorer - Deleting file/folder at path: /usuario1/Ejercicio4.mp4build.gradle.ktsFragmentosPractica.zip
2025-03-04 17:47:34 [JavaFX Application Thread] INFO org.sinbelisk.graphicftp.services.FTPClientManager - Deleting file/folder at path: /usuario1/Ejercicio4.mp4build.gradle.ktsFragmentosPractica.zip
2025-03-04 17:47:34 [JavaFX Application Thread] INFO org.sinbelisk.graphicftp.services.FTPClientManager - File/folder deleted successfully at path: /usuario1/Ejercicio4.mp4build.gradle.ktsFragmentosPractica.zip
2025-03-04 17:47:35 [JavaFX Application Thread] INFO org.sinbelisk.graphicftp.FTPFileExplorer - Deleting file/folder at path: /usuario1/Ejercicio4.mp4build.gradle.kts
2025-03-04 17:47:35 [JavaFX Application Thread] INFO org.sinbelisk.graphicftp.services.FTPClientManager - Deleting file/folder at path: /usuario1/Ejercicio4.mp4build.gradle.kts
2025-03-04 17:47:35 [JavaFX Application Thread] INFO org.sinbelisk.graphicftp.services.FTPClientManager - File/folder deleted successfully at path: /usuario1/Ejercicio4.mp4build.gradle.kts
2025-03-04 17:47:38 [JavaFX Application Thread] INFO org.sinbelisk.graphicftp.FTPFileExplorer - Deleting file/folder at path: /usuario1/cropped-1920-1080-1332803.png
2025-03-04 17:47:38 [JavaFX Application Thread] INFO org.sinbelisk.graphicftp.services.FTPClientManager - Deleting file/folder at path: /usuario1/cropped-1920-1080-1332803.png
2025-03-04 17:47:38 [JavaFX Application Thread] INFO org.sinbelisk.graphicftp.services.FTPClientManager - File/folder deleted successfully at path: /usuario1/cropped-1920-1080-1332803.png
2025-03-04 17:47:40 [JavaFX Application Thread] INFO org.sinbelisk.graphicftp.FTPFileExplorer - Deleting file/folder at path: /usuario1/AplicacionDosListasRafaelJimenez.7z
2025-03-04 17:47:40 [JavaFX Application Thread] INFO org.sinbelisk.graphicftp.services.FTPClientManager - Deleting file/folder at path: /usuario1/AplicacionDosListasRafaelJimenez.7z
2025-03-04 17:47:40 [JavaFX Application Thread] INFO org.sinbelisk.graphicftp.services.FTPClientManager - File/folder deleted successfully at path: /usuario1/AplicacionDosListasRafaelJimenez.7z
2025-03-04 17:47:41 [JavaFX Application Thread] INFO org.sinbelisk.graphicftp.FTPFileExplorer - Deleting file/folder at path: /usuario1/favicon-3.ico
2025-03-04 17:47:41 [JavaFX Application Thread] INFO org.sinbelisk.graphicftp.services.FTPClientManager - Deleting file/folder at path: /usuario1/favicon-3.ico
2025-03-04 17:47:41 [JavaFX Application Thread] INFO org.sinbelisk.graphicftp.services.FTPClientManager - File/folder deleted successfully at path: /usuario1/favicon-3.ico
2025-03-04 17:47:43 [JavaFX Application Thread] INFO org.sinbelisk.graphicftp.FTPFileExplorer - Deleting file/folder at path: /usuario1/favicon-3.icoAplicacionDosListasRafaelJimenez.7z
2025-03-04 17:47:43 [JavaFX Application Thread] INFO org.sinbelisk.graphicftp.services.FTPClientManager - Deleting file/folder at path: /usuario1/favicon-3.icoAplicacionDosListasRafaelJimenez.7z
2025-03-04 17:47:43 [JavaFX Application Thread] INFO org.sinbelisk.graphicftp.services.FTPClientManager - File/folder deleted successfully at path: /usuario1/favicon-3.icoAplicacionDosListasRafaelJimenez.7z
2025-03-04 17:47:45 [JavaFX Application Thread] INFO org.sinbelisk.graphicftp.FTPFileExplorer - Deleting file/folder at path: /usuario1/null
2025-03-04 17:47:45 [JavaFX Application Thread] INFO org.sinbelisk.graphicftp.services.FTPClientManager - Deleting file/folder at path: /usuario1/null
2025-03-04 17:47:45 [JavaFX Application Thread] INFO org.sinbelisk.graphicftp.services.FTPClientManager - File/folder deleted successfully at path: /usuario1/null
2025-03-04 17:47:56 [JavaFX Application Thread] INFO org.sinbelisk.graphicftp.FTPFileExplorer - Uploading file: reacttest.iml
2025-03-04 17:47:56 [JavaFX Application Thread] INFO org.sinbelisk.graphicftp.services.FTPClientManager - Subiendo archivo: D:\Projectos\reacttest.iml -> /usuario1/reacttest.iml
2025-03-04 17:47:56 [JavaFX Application Thread] INFO org.sinbelisk.graphicftp.services.FTPClientManager - Archivo subido correctamente a /usuario1/reacttest.iml
2025-03-04 17:48:02 [JavaFX Application Thread] INFO org.sinbelisk.graphicftp.FTPFileExplorer - Uploading file: AplicacionDosListasRafaelJimenez.7z
2025-03-04 17:48:02 [JavaFX Application Thread] INFO org.sinbelisk.graphicftp.services.FTPClientManager - Subiendo archivo: D:\Android\AplicacionDosListasRafaelJimenez.7z -> /usuario1/reacttest.iml/AplicacionDosListasRafaelJimenez.7z
2025-03-04 17:48:02 [JavaFX Application Thread] WARN org.sinbelisk.graphicftp.services.FTPClientManager - No se pudo subir el archivo a /usuario1/reacttest.iml/AplicacionDosListasRafaelJimenez.7z
