2025-03-04 19:53:03 [JavaFX Application Thread] INFO org.sinbelisk.graphicftp.services.FTPClientManager - Conectándose al servidor FTP: localhost en puerto 21
2025-03-04 19:53:03 [JavaFX Application Thread] INFO org.sinbelisk.graphicftp.services.FTPClientManager - Usuario 'usuario1' ha iniciado sesión correctamente.
2025-03-04 19:53:03 [Thread-3] INFO org.sinbelisk.graphicftp.FTPFileExplorer - Reading: usuario1
2025-03-04 19:53:03 [JavaFX Application Thread] INFO org.sinbelisk.graphicftp.FTPFileExplorer - Updating TreeView with 1 items.
2025-03-04 19:53:03 [JavaFX Application Thread] INFO org.sinbelisk.graphicftp.FTPFileExplorer - TreeView synchronization completed successfully.
2025-03-04 19:53:04 [Thread-4] INFO org.sinbelisk.graphicftp.FTPFileExplorer - Reading: 2024-11-25 15-47-25.mkv
2025-03-04 19:53:04 [Thread-4] INFO org.sinbelisk.graphicftp.FTPFileExplorer - Reading: Awakened PoE Trade.exe
2025-03-04 19:53:04 [Thread-4] INFO org.sinbelisk.graphicftp.FTPFileExplorer - Reading: matenme
2025-03-04 19:53:04 [Thread-4] INFO org.sinbelisk.graphicftp.FTPFileExplorer - Reading: pepe
2025-03-04 19:53:04 [Thread-4] INFO org.sinbelisk.graphicftp.FTPFileExplorer - Reading: prueba editar.png
2025-03-04 19:53:04 [Thread-4] INFO org.sinbelisk.graphicftp.FTPFileExplorer - Reading: tumadre.jpg
2025-03-04 19:53:04 [Thread-4] INFO org.sinbelisk.graphicftp.FTPFileExplorer - Reading: tuputamadre
2025-03-04 19:53:04 [Thread-4] INFO org.sinbelisk.graphicftp.FTPFileExplorer - Reading: VideoRafaelJimenezMultimedia.mkv
2025-03-04 19:53:04 [Thread-4] INFO org.sinbelisk.graphicftp.FTPFileExplorer - Reading: Wokot 4.0.exe
2025-03-04 19:53:04 [JavaFX Application Thread] INFO org.sinbelisk.graphicftp.FTPFileExplorer - Updating TreeView with 9 items.
2025-03-04 19:53:04 [JavaFX Application Thread] INFO org.sinbelisk.graphicftp.FTPFileExplorer - TreeView synchronization completed successfully.
2025-03-04 19:53:09 [JavaFX Application Thread] INFO org.sinbelisk.graphicftp.FTPFileExplorer - Renaming file/folder from: /usuario1/2024-11-25 15-47-25.mkv to: /usuario1/mequieromatar
2025-03-04 19:53:09 [JavaFX Application Thread] INFO org.sinbelisk.graphicftp.services.FTPClientManager - Renaming file/folder from: /usuario1/2024-11-25 15-47-25.mkv to: /usuario1/mequieromatar
2025-03-04 19:53:09 [JavaFX Application Thread] INFO org.sinbelisk.graphicftp.services.FTPClientManager - File/folder renamed successfully from: /usuario1/2024-11-25 15-47-25.mkv to: /usuario1/mequieromatar
2025-03-04 19:54:04 [JavaFX Application Thread] INFO org.sinbelisk.graphicftp.FTPFileExplorer - Renaming file/folder from: /usuario1/Awakened PoE Trade.exe to: /usuario1/OIHHEOIJEIORJOIEWR
2025-03-04 19:54:04 [JavaFX Application Thread] INFO org.sinbelisk.graphicftp.services.FTPClientManager - Renaming file/folder from: /usuario1/Awakened PoE Trade.exe to: /usuario1/OIHHEOIJEIORJOIEWR
2025-03-04 19:54:04 [JavaFX Application Thread] INFO org.sinbelisk.graphicftp.services.FTPClientManager - File/folder renamed successfully from: /usuario1/Awakened PoE Trade.exe to: /usuario1/OIHHEOIJEIORJOIEWR
