2025-03-04 17:42:06 [JavaFX Application Thread] INFO org.sinbelisk.graphicftp.services.FTPClientManager - Conectándose al servidor FTP: localhost en puerto 21
2025-03-04 17:42:06 [JavaFX Application Thread] INFO org.sinbelisk.graphicftp.services.FTPClientManager - Usuario 'usuario1' ha iniciado sesión correctamente.
2025-03-04 17:42:06 [Thread-3] INFO org.sinbelisk.graphicftp.FTPFileExplorer - Reading: usuario1
2025-03-04 17:42:06 [JavaFX Application Thread] INFO org.sinbelisk.graphicftp.FTPFileExplorer - Updating TreeView with 1 items.
2025-03-04 17:42:06 [JavaFX Application Thread] INFO org.sinbelisk.graphicftp.FTPFileExplorer - TreeView synchronization completed successfully.
2025-03-04 17:42:10 [Thread-4] INFO org.sinbelisk.graphicftp.FTPFileExplorer - Reading: AplicacionDosListasRafaelJimenez.7z
2025-03-04 17:42:10 [Thread-4] INFO org.sinbelisk.graphicftp.FTPFileExplorer - Reading: cropped-1920-1080-1332803.png
2025-03-04 17:42:10 [Thread-4] INFO org.sinbelisk.graphicftp.FTPFileExplorer - Reading: Ejercicio4.mp4build.gradle.kts
2025-03-04 17:42:10 [Thread-4] INFO org.sinbelisk.graphicftp.FTPFileExplorer - Reading: Ejercicio4.mp4build.gradle.ktsFragmentosPractica.zip
2025-03-04 17:42:10 [Thread-4] INFO org.sinbelisk.graphicftp.FTPFileExplorer - Reading: favicon-3.ico
2025-03-04 17:42:10 [Thread-4] INFO org.sinbelisk.graphicftp.FTPFileExplorer - Reading: favicon-3.icoAplicacionDosListasRafaelJimenez.7z
2025-03-04 17:42:10 [Thread-4] INFO org.sinbelisk.graphicftp.FTPFileExplorer - Reading: LOG.txt
2025-03-04 17:42:10 [Thread-4] INFO org.sinbelisk.graphicftp.FTPFileExplorer - Reading: null
2025-03-04 17:42:10 [Thread-4] INFO org.sinbelisk.graphicftp.FTPFileExplorer - Reading: server_test.txt
2025-03-04 17:42:10 [Thread-4] INFO org.sinbelisk.graphicftp.FTPFileExplorer - Reading: Wokot_v4.3.exe
2025-03-04 17:42:10 [JavaFX Application Thread] INFO org.sinbelisk.graphicftp.FTPFileExplorer - Updating TreeView with 10 items.
2025-03-04 17:42:17 [JavaFX Application Thread] INFO org.sinbelisk.graphicftp.FTPFileExplorer - Updating TreeView with 0 items.
2025-03-04 17:42:21 [JavaFX Application Thread] INFO org.sinbelisk.graphicftp.FTPFileExplorer - Uploading file: Ejercicio4.mp4build.gradle.ktsFragmentosPractica.zip
2025-03-04 17:42:27 [JavaFX Application Thread] INFO org.sinbelisk.graphicftp.services.FTPClientManager - Subiendo archivo: D:\Projectos Android\Room Database.zip -> \usuario1Room Database.zip
2025-03-04 17:42:27 [JavaFX Application Thread] WARN org.sinbelisk.graphicftp.services.FTPClientManager - No se pudo subir el archivo a \usuario1Room Database.zip
